  cJSON.c
  clipper.cpp
  shapes.cc
  advancing_front.cc
  cdt.cc
  sweep.cc
  sweep_context.cc
  CUAssetManager.cpp
  CUFontLoader.cpp
  CUJsonLoader.cpp
  CUJsonValue.cpp
  CUScene2Loader.cpp
  CUSoundLoader.cpp
  CUTextureLoader.cpp
  CUWidgetLoader.cpp
  CUAudioDecoder.cpp
  CUFLACDecoder.cpp
  CUMP3Decoder.cpp
  CUOGGDecoder.cpp
  CUWAVDecoder.cpp
  CUAudioDevices.cpp
  Generating Code...
  Compiling...
  CUAudioEngine.cpp
  CUAudioQueue.cpp
  CUAudioSample.cpp
  CUAudioWaveform.cpp
  CUSound.cpp
  CUAudioFader.cpp
  CUAudioInput.cpp
  CUAudioMixer.cpp
  CUAudioNode.cpp
  CUAudioOutput.cpp
  CUAudioPanner.cpp
  CUAudioPlayer.cpp
  CUAudioResampler.cpp
  CUAudioScheduler.cpp
  CUAudioSpinner.cpp
  CUAudioSynchronizer.cpp
  CUApplication.cpp
  CUDisplay.cpp
  CUDisplay-SDL.cpp
  CUAccelerometer.cpp
  Generating Code...
  Compiling...
  CUInput.cpp
  CUKeyboard.cpp
  CUMouse.cpp
  CUTextInput.cpp
  CUTouchscreen.cpp
  CUPanInput.cpp
  CUPinchInput.cpp
  CURotationInput.cpp
  CUBinaryReader.cpp
  CUBinaryWriter.cpp
  CUJsonReader.cpp
  CUJsonWriter.cpp
  CUTextReader.cpp
  CUTextWriter.cpp
  CUAffine2.cpp
  CUColor4.cpp
  CUEasingBezier.cpp
  CUEasingFunction.cpp
  CUFrustum.cpp
  CUGeometry.cpp
  Generating Code...
  Compiling...
  CUMat4.cpp
  CUMathBase.cpp
  CUPlane.cpp
  CUPoly2.cpp
  CUPolynomial.cpp
  CUQuaternion.cpp
  CURay.cpp
  CURect.cpp
  CUSize.cpp
  CUSpline2.cpp
  CUVec2.cpp
  CUVec3.cpp
  CUVec4.cpp
  CUBiquadIIR.cpp
  CUDSPMath.cpp
  CUFIRFilter.cpp
  CUIIRFilter.cpp
  CUOnePoleIIR.cpp
  CUOneZeroFIR.cpp
  CUPoleZeroIIR.cpp
  Generating Code...
  Compiling...
  CUTwoPoleIIR.cpp
  CUTwoZeroFIR.cpp
  CUComplexExtruder.cpp
  CUComplexTriangulator.cpp
  CUPathSmoother.cpp
  CUPolyFactory.cpp
  CUPolySplineFactory.cpp
  CUSimpleExtruder.cpp
  CUSimpleTriangulator.cpp
  CUBoxObstacle.cpp
  CUCapsuleObstacle.cpp
  CUComplexObstacle.cpp
  CUObstacle.cpp
  CUObstacleSelector.cpp
  CUObstacleWorld.cpp
  CUPolygonObstacle.cpp
  CUSimpleObstacle.cpp
  CUWheelObstacle.cpp
  CUCamera.cpp
  CUFont.cpp
  Generating Code...
  Compiling...
  CUGradient.cpp
  CUOrthographicCamera.cpp
  CUPerspectiveCamera.cpp
  CURenderTarget.cpp
  CUScissor.cpp
  CUShader.cpp
  CUSpriteBatch.cpp
  CUTexture.cpp
  CUUniformBuffer.cpp
  CUVertexBuffer.cpp
  CUScene2.cpp
  CUScene2Texture.cpp
  CUAnimationNode.cpp
  CUPathNode.cpp
  CUPolygonNode.cpp
  CUSceneNode.cpp
  CUTexturedNode.cpp
  CUWireNode.cpp
  CUAnchoredLayout.cpp
  CUFloatLayout.cpp
  Generating Code...
  Compiling...
  CUGridLayout.cpp
  CULayout.cpp
  CUButton.cpp
  CULabel.cpp
  CUNinePatch.cpp
  CUProgressBar.cpp
  CUSlider.cpp
  CUTextField.cpp
  CUDebug.cpp
  CUFiletools.cpp
  CUStrings.cpp
  CUThreadPool.cpp
  Generating Code...
  CUGL.vcxproj -> D:\Nicolas\CS 4152\Fuzzy-Kiwi\build-win10\x64\Debug\CUGL.lib
